生成启动时间为 2018/7/9 9:26:10。
     1>项目“C:\Users\qwx\Desktop\myQt\myQt\myQt.vcxproj”在节点 2 上(Build 个目标)。
     1>C:\Program Files (x86)\MSBuild\Microsoft.Cpp\v4.0\V120\Microsoft.CppBuild.targets(935,5): warning MSB8027: Two or more files with the name of moc_myQt.cpp will produce outputs to the same location. This can lead to an incorrect build result.  The files involved are GeneratedFiles\Debug\moc_myQt.cpp, .\GeneratedFiles\Debug\moc_myQt.cpp.
     1>C:\Program Files (x86)\MSBuild\Microsoft.Cpp\v4.0\V120\Microsoft.CppBuild.targets(935,5): warning MSB8027: Two or more files with the name of qrc_myQt.cpp will produce outputs to the same location. This can lead to an incorrect build result.  The files involved are GeneratedFiles\qrc_myQt.cpp, .\GeneratedFiles\qrc_myQt.cpp.
     1>ClCompile:
         C:\Program Files (x86)\Microsoft Visual Studio 12.0\VC\bin\x86_amd64\CL.exe /c /I.\GeneratedFiles /I. /ID:\Qt\Qt5.9.0\5.9\msvc2013_64\include /I.\GeneratedFiles\Debug /ID:\Qt\Qt5.9.0\5.9\msvc2013_64\include\QtCore /ID:\Qt\Qt5.9.0\5.9\msvc2013_64\include\QtGui /ID:\Qt\Qt5.9.0\5.9\msvc2013_64\include\QtANGLE /ID:\Qt\Qt5.9.0\5.9\msvc2013_64\include\QtWidgets /Zi /nologo /W1 /WX- /MP /Od /D UNICODE /D WIN32 /D WIN64 /D QT_DLL /D QT_CORE_LIB /D QT_GUI_LIB /D QT_WIDGETS_LIB /Gm- /EHsc /MDd /GS /fp:precise /Zc:wchar_t /Zc:forScope /Fo"x64\Debug\\" /Fd"x64\Debug\vc120.pdb" /Gd /TP /errorReport:prompt QWX_Optimized_Position_Orientation.cpp ScaleImage.cpp myResultLabel.cpp
         QWX_Optimized_Position_Orientation.cpp
         ScaleImage.cpp
         myResultLabel.cpp
     1>D:\OpenCv3.0\opencv\build\include\opencv2/core/mat.hpp(1965): warning C4819: 该文件包含不能在当前代码页(936)中表示的字符。请将该文件保存为 Unicode 格式以防止数据丢失 (QWX_Optimized_Position_Orientation.cpp)
     1>D:\OpenCv3.0\opencv\build\include\opencv2/core/mat.hpp(1965): warning C4819: 该文件包含不能在当前代码页(936)中表示的字符。请将该文件保存为 Unicode 格式以防止数据丢失 (ScaleImage.cpp)
     1>D:\OpenCv3.0\opencv\build\include\opencv2/core/persistence.hpp : warning C4819: 该文件包含不能在当前代码页(936)中表示的字符。请将该文件保存为 Unicode 格式以防止数据丢失 (QWX_Optimized_Position_Orientation.cpp)
     1>D:\OpenCv3.0\opencv\build\include\opencv2/core/persistence.hpp : warning C4819: 该文件包含不能在当前代码页(936)中表示的字符。请将该文件保存为 Unicode 格式以防止数据丢失 (ScaleImage.cpp)
     1>D:\OpenCv3.0\opencv\build\include\opencv2/core/utility.hpp : warning C4819: 该文件包含不能在当前代码页(936)中表示的字符。请将该文件保存为 Unicode 格式以防止数据丢失 (ScaleImage.cpp)
     1>D:\OpenCv3.0\opencv\build\include\opencv2/core/utility.hpp : warning C4819: 该文件包含不能在当前代码页(936)中表示的字符。请将该文件保存为 Unicode 格式以防止数据丢失 (QWX_Optimized_Position_Orientation.cpp)
     1>D:\OpenCv3.0\opencv\build\include\opencv2/core/mat.hpp(1965): warning C4819: 该文件包含不能在当前代码页(936)中表示的字符。请将该文件保存为 Unicode 格式以防止数据丢失 (myResultLabel.cpp)
     1>D:\OpenCv3.0\opencv\build\include\opencv2/core/persistence.hpp : warning C4819: 该文件包含不能在当前代码页(936)中表示的字符。请将该文件保存为 Unicode 格式以防止数据丢失 (myResultLabel.cpp)
     1>D:\OpenCv3.0\opencv\build\include\opencv2/core/utility.hpp : warning C4819: 该文件包含不能在当前代码页(936)中表示的字符。请将该文件保存为 Unicode 格式以防止数据丢失 (myResultLabel.cpp)
       Link:
         C:\Program Files (x86)\Microsoft Visual Studio 12.0\VC\bin\x86_amd64\link.exe /ERRORREPORT:PROMPT /OUT:"C:\Users\qwx\Desktop\myQt\x64\Debug\\myQt.exe" /NOLOGO /LIBPATH:D:\Qt\Qt5.9.0\5.9\msvc2013_64\lib qtmaind.lib Qt5Cored.lib Qt5Guid.lib Qt5Widgetsd.lib opencv_ts300d.lib opencv_world300d.lib kernel32.lib user32.lib gdi32.lib winspool.lib comdlg32.lib advapi32.lib shell32.lib ole32.lib oleaut32.lib uuid.lib odbc32.lib odbccp32.lib /MANIFEST /MANIFESTUAC:"level='asInvoker' uiAccess='false'" /manifest:embed /DEBUG /PDB:"C:\Users\qwx\Desktop\myQt\x64\Debug\myQt.pdb" /SUBSYSTEM:WINDOWS /TLBID:1 /DYNAMICBASE /NXCOMPAT /IMPLIB:"C:\Users\qwx\Desktop\myQt\x64\Debug\myQt.lib" /MACHINE:X64 x64\Debug\moc_myQt.obj
         x64\Debug\qrc_myQt.obj
         x64\Debug\main.obj
         x64\Debug\myResultLabel.obj
         x64\Debug\myQt.obj
         x64\Debug\myLabel.obj
         x64\Debug\QWX_Optimized_Position_Orientation.obj
         x64\Debug\ScaleImage.obj
         x64\Debug\moc_myQt.obj
         x64\Debug\moc_myResultLabel.obj
         x64\Debug\qrc_myQt.obj
         myQt.vcxproj -> C:\Users\qwx\Desktop\myQt\x64\Debug\myQt.exe
     1>已完成生成项目“C:\Users\qwx\Desktop\myQt\myQt\myQt.vcxproj”(Build 个目标)的操作。

生成成功。

已用时间 00:00:02.07
